\BOOKMARK [0][-]{chapter.1}{\376\377\000E\000x\000c\000e\000r\000c\000i\000s\000e\000\040\000M\000a\000m\000m\000o\000g\000r\000a\000p\000h\000y}{}% 1
\BOOKMARK [1][-]{section.1.1}{\376\377\000S\000e\000t\000t\000i\000n\000g\000\040\000u\000p\000\040\000t\000h\000e\000\040\000e\000n\000v\000i\000r\000o\000n\000m\000e\000n\000t}{chapter.1}% 2
\BOOKMARK [1][-]{section.1.2}{\376\377\000I\000m\000p\000o\000r\000t\000i\000n\000g\000\040\000a\000n\000d\000\040\000c\000l\000e\000a\000n\000i\000n\000g\000\040\000t\000h\000e\000\040\000d\000a\000t\000a}{chapter.1}% 3
\BOOKMARK [1][-]{section.1.3}{\376\377\000D\000e\000t\000e\000r\000m\000i\000n\000i\000n\000g\000\040\000a\000\040\000m\000o\000d\000e\000l\000\040\000w\000i\000t\000h\000\040\000a\000u\000t\000o\000-\000s\000k\000l\000e\000a\000r\000n}{chapter.1}% 4
\BOOKMARK [0][-]{chapter.2}{\376\377\000K\000a\000g\000g\000l\000e\000\040\000c\000o\000m\000p\000e\000t\000i\000t\000i\000o\000n\000s}{}% 5
\BOOKMARK [1][-]{section.2.1}{\376\377\000R\000a\000n\000d\000o\000m\000\040\000A\000c\000t\000s\000\040\000o\000f\000\040\000P\000i\000z\000z\000a}{chapter.2}% 6
\BOOKMARK [2][-]{subsection.2.1.1}{\376\377\000I\000m\000p\000o\000r\000t\000i\000n\000g\000\040\000t\000h\000e\000\040\000D\000a\000t\000a}{section.2.1}% 7
\BOOKMARK [2][-]{subsection.2.1.2}{\376\377\000D\000a\000t\000a\000\040\000P\000r\000e\000p\000a\000r\000a\000t\000i\000o\000n}{section.2.1}% 8
\BOOKMARK [2][-]{subsection.2.1.3}{\376\377\000F\000e\000a\000t\000u\000r\000e\000\040\000S\000e\000l\000e\000c\000t\000i\000o\000n}{section.2.1}% 9
\BOOKMARK [2][-]{subsection.2.1.4}{\376\377\000B\000i\000n\000a\000r\000y\000\040\000c\000l\000a\000s\000s\000i\000f\000i\000c\000a\000t\000i\000o\000n\000\040\000w\000i\000t\000h\000\040\000a\000u\000t\000o\000-\000s\000k\000l\000e\000a\000r\000n}{section.2.1}% 10
\BOOKMARK [2][-]{subsection.2.1.5}{\376\377\000M\000a\000k\000i\000n\000g\000\040\000P\000r\000e\000d\000i\000c\000t\000i\000o\000n\000s}{section.2.1}% 11
\BOOKMARK [2][-]{subsection.2.1.6}{\376\377\000C\000o\000m\000p\000a\000r\000i\000s\000o\000n\000\040\000w\000i\000t\000h\000\040\000t\000h\000e\000\040\000W\000i\000n\000n\000i\000n\000g\000\040\000M\000o\000d\000e\000l}{section.2.1}% 12
\BOOKMARK [2][-]{subsection.2.1.7}{\376\377\000F\000u\000r\000t\000h\000e\000r\000\040\000E\000x\000p\000e\000r\000i\000m\000e\000n\000t\000a\000t\000i\000o\000n}{section.2.1}% 13
\BOOKMARK [1][-]{section.2.2}{\376\377\000F\000o\000r\000e\000s\000t\000\040\000C\000o\000v\000e\000r\000\040\000T\000y\000p\000e\000\040\000P\000r\000e\000d\000i\000c\000t\000i\000o\000n}{chapter.2}% 14
\BOOKMARK [2][-]{subsection.2.2.1}{\376\377\000I\000m\000p\000o\000r\000t\000i\000n\000g\000\040\000a\000n\000d\000\040\000c\000l\000e\000a\000n\000i\000n\000g\000\040\000t\000h\000e\000\040\000d\000a\000t\000a}{section.2.2}% 15
\BOOKMARK [2][-]{subsection.2.2.2}{\376\377\000M\000u\000l\000t\000i\000c\000l\000a\000s\000s\000\040\000c\000l\000a\000s\000s\000i\000f\000i\000c\000a\000t\000i\000o\000n\000\040\000w\000i\000t\000h\000\040\000a\000u\000t\000o\000-\000s\000k\000l\000e\000a\000r\000n}{section.2.2}% 16
\BOOKMARK [2][-]{subsection.2.2.3}{\376\377\000M\000a\000k\000i\000n\000g\000\040\000p\000r\000e\000d\000i\000c\000t\000i\000o\000n\000s}{section.2.2}% 17
\BOOKMARK [2][-]{subsection.2.2.4}{\376\377\000F\000u\000r\000t\000h\000e\000r\000\040\000E\000x\000p\000e\000r\000i\000m\000e\000n\000t\000a\000t\000i\000o\000n}{section.2.2}% 18
\BOOKMARK [1][-]{section.2.3}{\376\377\000H\000o\000u\000s\000e\000\040\000P\000r\000i\000c\000e\000s}{chapter.2}% 19
\BOOKMARK [2][-]{subsection.2.3.1}{\376\377\000D\000a\000t\000a\000\040\000P\000r\000e\000p\000a\000r\000a\000t\000i\000o\000n}{section.2.3}% 20
\BOOKMARK [2][-]{subsection.2.3.2}{\376\377\000F\000e\000a\000t\000u\000r\000e\000\040\000S\000e\000l\000e\000c\000t\000i\000o\000n}{section.2.3}% 21
\BOOKMARK [2][-]{subsection.2.3.3}{\376\377\000R\000e\000g\000r\000e\000s\000s\000i\000o\000n\000\040\000w\000i\000t\000h\000\040\000a\000u\000t\000o\000-\000s\000k\000l\000e\000a\000r\000n}{section.2.3}% 22
\BOOKMARK [2][-]{subsection.2.3.4}{\376\377\000M\000a\000k\000i\000n\000g\000\040\000p\000r\000e\000d\000i\000c\000t\000i\000o\000n\000s}{section.2.3}% 23
\BOOKMARK [2][-]{subsection.2.3.5}{\376\377\000E\000x\000p\000e\000r\000i\000m\000e\000n\000t\000a\000t\000i\000o\000n}{section.2.3}% 24
